<?xml version="1.0" encoding="UTF-8"?>
<!-- Generated by org.testng.reporters.JUnitXMLReporter -->
<testsuite ignored="0" hostname="Azu" failures="1" tests="11" name="NinjaTest" time="91.541" errors="0" timestamp="2022-12-10T14:40:20 EST">
  <testcase classname="ninjademo.Login_test" name="LogInWithValidCrendential" time="8.746">
    <failure type="org.openqa.selenium.NoSuchElementException" message="Unable to find element with locator By.xpath: //a[contains(text(),&amp;apos;Edit your account information&amp;apos;)]
For documentation on this error, please visit: https://selenium.dev/exceptions/#no_such_element
Build info: version: &amp;apos;4.6.0&amp;apos;, revision: &amp;apos;79f1c02ae20&amp;apos;
System info: os.name: &amp;apos;Windows 10&amp;apos;, os.arch: &amp;apos;amd64&amp;apos;, os.version: &amp;apos;10.0&amp;apos;, java.version: &amp;apos;15.0.1&amp;apos;
Driver info: driver.version: RemoteWebDriver">
      <![CDATA[org.openqa.selenium.NoSuchElementException: Unable to find element with locator By.xpath: //a[contains(text(),'Edit your account information')]
For documentation on this error, please visit: https://selenium.dev/exceptions/#no_such_element
Build info: version: '4.6.0', revision: '79f1c02ae20'
System info: os.name: 'Windows 10', os.arch: 'amd64', os.version: '10.0', java.version: '15.0.1'
Driver info: driver.version: RemoteWebDriver
at org.openqa.selenium.remote.ElementLocation$ElementFinder$2.findElement(ElementLocation.java:165)
at org.openqa.selenium.remote.ElementLocation.findElement(ElementLocation.java:60)
at org.openqa.selenium.remote.RemoteWebDriver.findElement(RemoteWebDriver.java:365)
at org.openqa.selenium.remote.RemoteWebDriver.findElement(RemoteWebDriver.java:357)
at ninjademo.Login_test.LogInWithValidCrendential(Login_test.java:35)
at java.base/java.util.ArrayList.forEach(ArrayList.java:1511)
... Removed 27 stack frames]]>
    </failure>
  </testcase> <!-- LogInWithValidCrendential -->
  <testcase classname="ninjademo.Login_test" name="LoginWithInvalidPasswordValidEmail" time="0.687"/>
  <testcase classname="ninjademo.Login_test" name="LoginWithValidPasswordInValidEmail" time="0.876"/>
  <testcase classname="ninjademo.Login_test" name="LoginWithInValidPasswordInValidEmail" time="1.067"/>
  <testcase classname="ninjademo.Login_test" name="LoginWithNoCredentials" time="0.661"/>
  <testcase classname="ninjademo.Search_Test" name="verifySearchWithInValidProduct" time="0.597"/>
  <testcase classname="ninjademo.Search_Test" name="verifySearchWithValidProduct" time="0.864"/>
  <testcase classname="ninjademo.Search_Test" name="verifySearchWithoutProduct" time="0.441"/>
  <testcase classname="ninjademo.Regisetr_Test" name="verifyRegisterationWithAllFields" time="1.361"/>
  <testcase classname="ninjademo.Regisetr_Test" name="verifyRegisterationWithMyMandatoryFields" time="1.096"/>
  <testcase classname="ninjademo.Regisetr_Test" name="verifyRegisterationWithNoField" time="0.476"/>
</testsuite> <!-- NinjaTest -->
